This is e-pTeX, Version 3.141592653-p4.1.0-230214-2.6 (utf8.euc) (TeX Live 2023) (preloaded format=platex 2023.4.4)  23 APR 2023 22:12
entering extended mode
 restricted \write18 enabled.
 file:line:error style messages enabled.
 %&-line parsing enabled.
**/Users/ajj-k/Desktop/college_seminar_number_theory/osumi/202303.tex
(/Users/ajj-k/Desktop/college_seminar_number_theory/osumi/202303.tex
pLaTeX2e <2023-02-14>+1 (based on LaTeX2e <2022-11-01> patch level 1)
L3 programming layer <2023-02-22>
/Users/ajj-k/Desktop/college_seminar_number_theory/osumi/202303.tex:18: Undefined control sequence.
l.18 \section
             {整数の基本性質} 
Here is how much of TeX's memory you used:
 18 strings out of 476693
 494 string characters out of 5805374
 1842209 words of memory out of 5000000
 20571 multiletter control sequences out of 15000+600000
 516158 words of font info for 49 fonts, out of 8000000 for 9000
 929 hyphenation exceptions out of 8191
 15i,0n,23p,129b,18s stack positions out of 10000i,1000n,20000p,200000b,200000s

No pages of output.
